<?xml version="1.0" encoding="UTF-8"?>
<testng-results skipped="0" failed="0" ignored="0" total="1" passed="1">
  <reporter-output>
  </reporter-output>
  <suite name="Firefox Suite" duration-ms="23076" started-at="2020-09-25T10:43:05Z" finished-at="2020-09-25T10:43:28Z">
    <groups>
    </groups>
    <test name="Add new employee Test" duration-ms="23076" started-at="2020-09-25T10:43:05Z" finished-at="2020-09-25T10:43:28Z">
      <class name="features.AddNewEmployeeScenario">
        <test-method status="PASS" signature="setupEnv(java.lang.String)[pri:0, instance:features.AddNewEmployeeScenario@3327bd23]" name="setupEnv" is-config="true" duration-ms="12" started-at="2020-09-25T12:43:05Z" finished-at="2020-09-25T12:43:05Z">
          <params>
            <param index="0">
              <value>
                <![CDATA[prod]]>
              </value>
            </param>
          </params>
          <reporter-output>
          </reporter-output>
        </test-method> <!-- setupEnv -->
        <test-method status="PASS" signature="setup(java.lang.String)[pri:0, instance:features.AddNewEmployeeScenario@3327bd23]" name="setup" is-config="true" duration-ms="4805" started-at="2020-09-25T12:43:05Z" finished-at="2020-09-25T12:43:10Z">
          <params>
            <param index="0">
              <value>
                <![CDATA[firefox]]>
              </value>
            </param>
          </params>
          <reporter-output>
          </reporter-output>
        </test-method> <!-- setup -->
        <test-method status="PASS" signature="setup()[pri:0, instance:features.AddNewEmployeeScenario@3327bd23]" name="setup" is-config="true" duration-ms="8021" started-at="2020-09-25T12:43:10Z" finished-at="2020-09-25T12:43:18Z">
          <reporter-output>
          </reporter-output>
        </test-method> <!-- setup -->
        <test-method status="PASS" signature="addnewemployee()[pri:0, instance:features.AddNewEmployeeScenario@3327bd23]" name="addnewemployee" duration-ms="8848" started-at="2020-09-25T12:43:18Z" finished-at="2020-09-25T12:43:26Z">
          <reporter-output>
          </reporter-output>
        </test-method> <!-- addnewemployee -->
        <test-method status="PASS" signature="tearDown(org.testng.ITestResult)[pri:0, instance:features.AddNewEmployeeScenario@3327bd23]" name="tearDown" is-config="true" duration-ms="1371" started-at="2020-09-25T12:43:26Z" finished-at="2020-09-25T12:43:28Z">
          <params>
            <param index="0">
              <value>
                <![CDATA[[TestResult name=addnewemployee status=SUCCESS method=AddNewEmployeeScenario.addnewemployee()[pri:0, instance:features.AddNewEmployeeScenario@3327bd23] output={null}]]]>
              </value>
            </param>
          </params>
          <reporter-output>
          </reporter-output>
        </test-method> <!-- tearDown -->
      </class> <!-- features.AddNewEmployeeScenario -->
    </test> <!-- Add new employee Test -->
  </suite> <!-- Firefox Suite -->
</testng-results>
